Build started 12/12/2015 8:27:05 PM.
     1>Project "C:\Users\Sri\Documents\DM2126_SriShamHaran_Assignment1\Assignment1\Assignment1.vcxproj" on node 2 (Build target(s)).
     1>ClCompile:
         C:\Program Files (x86)\Microsoft Visual Studio 12.0\VC\bin\CL.exe /c /ZI /nologo /W3 /WX- /Od /Oy- /D WIN32 /D _DEBUG /D _CONSOLE /D _LIB /D _UNICODE /D UNICODE /Gm /EHsc /RTC1 /MDd /GS /fp:precise /Zc:wchar_t /Zc:forScope /Fo"Debug\\" /Fd"Debug\vc120.pdb" /Gd /TP /analyze- /errorReport:prompt Dweller.cpp GameObject.cpp Item.cpp Outfit.cpp Weapon.cpp compileCheck.cpp main.cpp
         GameObject.cpp
         Generating Code...
         Skipping... (no relevant changes detected)
         main.cpp
         compileCheck.cpp
         Weapon.cpp
         Outfit.cpp
         Item.cpp
         Dweller.cpp
       Link:
         C:\Program Files (x86)\Microsoft Visual Studio 12.0\VC\bin\link.exe /ERRORREPORT:PROMPT /OUT:"C:\Users\Sri\Documents\DM2126_SriShamHaran_Assignment1\Debug\Assignment1.exe" /INCREMENTAL /NOLOGO kernel32.lib user32.lib gdi32.lib winspool.lib comdlg32.lib advapi32.lib shell32.lib ole32.lib oleaut32.lib uuid.lib odbc32.lib odbccp32.lib /MANIFEST /MANIFESTUAC:"level='asInvoker' uiAccess='false'" /manifest:embed /DEBUG /PDB:"C:\Users\Sri\Documents\DM2126_SriShamHaran_Assignment1\Debug\Assignment1.pdb" /SUBSYSTEM:CONSOLE /TLBID:1 /DYNAMICBASE /NXCOMPAT /IMPLIB:"C:\Users\Sri\Documents\DM2126_SriShamHaran_Assignment1\Debug\Assignment1.lib" /MACHINE:X86 Debug\compileCheck.obj
         Debug\Dweller.obj
         Debug\GameObject.obj
         Debug\Item.obj
         Debug\main.obj
         Debug\Outfit.obj
         Debug\Vec2D.obj
         Debug\Weapon.obj
     1>Dweller.obj : error LNK2019: unresolved external symbol "public: __thiscall Vec2D::Vec2D(void)" (??0Vec2D@@QAE@XZ) referenced in function "public: __thiscall Dweller::Dweller(class std::basic_string<char,struct std::char_traits<char>,class std::allocator<char> > const &,int const &)" (??0Dweller@@QAE@ABV?$basic_string@DU?$char_traits@D@std@@V?$allocator@D@2@@std@@ABH@Z)
     1>GameObject.obj : error LNK2001: unresolved external symbol "private: static int GameObject::count" (?count@GameObject@@0HA)
     1>C:\Users\Sri\Documents\DM2126_SriShamHaran_Assignment1\Debug\Assignment1.exe : fatal error LNK1120: 2 unresolved externals
     1>Done Building Project "C:\Users\Sri\Documents\DM2126_SriShamHaran_Assignment1\Assignment1\Assignment1.vcxproj" (Build target(s)) -- FAILED.

Build FAILED.

Time Elapsed 00:00:00.83
